{"/home/marusya/myProjects/language-power/src/components/audio-button/audio-button.js": {"path":"/home/marusya/myProjects/language-power/src/components/audio-button/audio-button.js","statementMap":{"0":{"start":{"line":6,"column":27},"end":{"line":24,"column":1}},"1":{"start":{"line":7,"column":23},"end":{"line":7,"column":37}},"2":{"start":{"line":8,"column":15},"end":{"line":10,"column":3}},"3":{"start":{"line":9,"column":4},"end":{"line":9,"column":24}},"4":{"start":{"line":11,"column":2},"end":{"line":23,"column":4}},"5":{"start":{"line":26,"column":0},"end":{"line":30,"column":2}},"6":{"start":{"line":32,"column":0},"end":{"line":35,"column":2}}},"fnMap":{"0":{"name":"(anonymous_0)","decl":{"start":{"line":6,"column":27},"end":{"line":6,"column":28}},"loc":{"start":{"line":6,"column":64},"end":{"line":24,"column":1}},"line":6},"1":{"name":"(anonymous_1)","decl":{"start":{"line":8,"column":15},"end":{"line":8,"column":16}},"loc":{"start":{"line":8,"column":21},"end":{"line":10,"column":3}},"line":8}},"branchMap":{},"s":{"0":1,"1":1,"2":1,"3":0,"4":1,"5":1,"6":1},"f":{"0":1,"1":0},"b":{},"_coverageSchema":"1a1c01bbd47fc00a2c39e90264f33305004495a9","hash":"e6a8cf8b1b6a571273f5e73f79bba30e1e6f41eb"}
,"/home/marusya/myProjects/language-power/src/components/dictionary-entity/constants.js": {"path":"/home/marusya/myProjects/language-power/src/components/dictionary-entity/constants.js","statementMap":{"0":{"start":{"line":1,"column":23},"end":{"line":1,"column":45}},"1":{"start":{"line":2,"column":23},"end":{"line":2,"column":43}}},"fnMap":{},"branchMap":{},"s":{"0":1,"1":1},"f":{},"b":{},"_coverageSchema":"1a1c01bbd47fc00a2c39e90264f33305004495a9","hash":"d06d47c38c67e5083ec7204f898ed175dc7fdb72"}
,"/home/marusya/myProjects/language-power/src/components/dictionary-entity/dictionary-entity.js": {"path":"/home/marusya/myProjects/language-power/src/components/dictionary-entity/dictionary-entity.js","statementMap":{"0":{"start":{"line":7,"column":32},"end":{"line":40,"column":1}},"1":{"start":{"line":8,"column":23},"end":{"line":10,"column":3}},"2":{"start":{"line":9,"column":4},"end":{"line":9,"column":49}},"3":{"start":{"line":12,"column":26},"end":{"line":38,"column":3}},"4":{"start":{"line":13,"column":16},"end":{"line":13,"column":33}},"5":{"start":{"line":14,"column":23},"end":{"line":14,"column":25}},"6":{"start":{"line":15,"column":23},"end":{"line":15,"column":25}},"7":{"start":{"line":16,"column":19},"end":{"line":16,"column":21}},"8":{"start":{"line":17,"column":21},"end":{"line":17,"column":26}},"9":{"start":{"line":18,"column":4},"end":{"line":35,"column":7}},"10":{"start":{"line":19,"column":28},"end":{"line":19,"column":51}},"11":{"start":{"line":20,"column":6},"end":{"line":24,"column":7}},"12":{"start":{"line":21,"column":8},"end":{"line":21,"column":26}},"13":{"start":{"line":22,"column":8},"end":{"line":22,"column":43}},"14":{"start":{"line":23,"column":8},"end":{"line":23,"column":26}},"15":{"start":{"line":25,"column":6},"end":{"line":34,"column":7}},"16":{"start":{"line":26,"column":8},"end":{"line":26,"column":27}},"17":{"start":{"line":27,"column":8},"end":{"line":27,"column":41}},"18":{"start":{"line":28,"column":8},"end":{"line":28,"column":57}},"19":{"start":{"line":29,"column":8},"end":{"line":29,"column":26}},"20":{"start":{"line":30,"column":13},"end":{"line":34,"column":7}},"21":{"start":{"line":31,"column":8},"end":{"line":31,"column":41}},"22":{"start":{"line":33,"column":8},"end":{"line":33,"column":41}},"23":{"start":{"line":36,"column":4},"end":{"line":36,"column":39}},"24":{"start":{"line":37,"column":4},"end":{"line":37,"column":18}},"25":{"start":{"line":39,"column":2},"end":{"line":39,"column":38}},"26":{"start":{"line":42,"column":0},"end":{"line":45,"column":2}},"27":{"start":{"line":47,"column":0},"end":{"line":50,"column":2}}},"fnMap":{"0":{"name":"(anonymous_0)","decl":{"start":{"line":7,"column":32},"end":{"line":7,"column":33}},"loc":{"start":{"line":7,"column":57},"end":{"line":40,"column":1}},"line":7},"1":{"name":"(anonymous_1)","decl":{"start":{"line":8,"column":23},"end":{"line":8,"column":24}},"loc":{"start":{"line":8,"column":31},"end":{"line":10,"column":3}},"line":8},"2":{"name":"(anonymous_2)","decl":{"start":{"line":12,"column":26},"end":{"line":12,"column":27}},"loc":{"start":{"line":12,"column":36},"end":{"line":38,"column":3}},"line":12},"3":{"name":"(anonymous_3)","decl":{"start":{"line":18,"column":16},"end":{"line":18,"column":17}},"loc":{"start":{"line":18,"column":24},"end":{"line":35,"column":5}},"line":18}},"branchMap":{"0":{"loc":{"start":{"line":20,"column":6},"end":{"line":24,"column":7}},"type":"if","locations":[{"start":{"line":20,"column":6},"end":{"line":24,"column":7}},{"start":{"line":20,"column":6},"end":{"line":24,"column":7}}],"line":20},"1":{"loc":{"start":{"line":25,"column":6},"end":{"line":34,"column":7}},"type":"if","locations":[{"start":{"line":25,"column":6},"end":{"line":34,"column":7}},{"start":{"line":25,"column":6},"end":{"line":34,"column":7}}],"line":25},"2":{"loc":{"start":{"line":30,"column":13},"end":{"line":34,"column":7}},"type":"if","locations":[{"start":{"line":30,"column":13},"end":{"line":34,"column":7}},{"start":{"line":30,"column":13},"end":{"line":34,"column":7}}],"line":30}},"s":{"0":1,"1":6,"2":4,"3":6,"4":6,"5":6,"6":6,"7":6,"8":6,"9":6,"10":38,"11":38,"12":4,"13":4,"14":4,"15":38,"16":4,"17":4,"18":4,"19":4,"20":34,"21":0,"22":34,"23":6,"24":6,"25":6,"26":1,"27":1},"f":{"0":6,"1":4,"2":6,"3":38},"b":{"0":[4,34],"1":[4,34],"2":[0,34]},"_coverageSchema":"1a1c01bbd47fc00a2c39e90264f33305004495a9","hash":"e7f02c30c9df6c31b463b03769344081ed4de265"}
,"/home/marusya/myProjects/language-power/src/components/dictionary-entity/helpers.js": {"path":"/home/marusya/myProjects/language-power/src/components/dictionary-entity/helpers.js","statementMap":{"0":{"start":{"line":1,"column":27},"end":{"line":1,"column":65}},"1":{"start":{"line":1,"column":37},"end":{"line":1,"column":65}},"2":{"start":{"line":2,"column":22},"end":{"line":4,"column":1}},"3":{"start":{"line":3,"column":2},"end":{"line":3,"column":54}},"4":{"start":{"line":3,"column":31},"end":{"line":3,"column":52}}},"fnMap":{"0":{"name":"(anonymous_0)","decl":{"start":{"line":1,"column":27},"end":{"line":1,"column":28}},"loc":{"start":{"line":1,"column":37},"end":{"line":1,"column":65}},"line":1},"1":{"name":"(anonymous_1)","decl":{"start":{"line":2,"column":22},"end":{"line":2,"column":23}},"loc":{"start":{"line":2,"column":49},"end":{"line":4,"column":1}},"line":2},"2":{"name":"(anonymous_2)","decl":{"start":{"line":3,"column":23},"end":{"line":3,"column":24}},"loc":{"start":{"line":3,"column":31},"end":{"line":3,"column":52}},"line":3}},"branchMap":{"0":{"loc":{"start":{"line":2,"column":31},"end":{"line":2,"column":44}},"type":"default-arg","locations":[{"start":{"line":2,"column":42},"end":{"line":2,"column":44}}],"line":2}},"s":{"0":1,"1":38,"2":1,"3":76,"4":148},"f":{"0":38,"1":76,"2":148},"b":{"0":[0]},"_coverageSchema":"1a1c01bbd47fc00a2c39e90264f33305004495a9","hash":"18b723c593517ba401c098cc1c5c703338d2f3d3"}
,"/home/marusya/myProjects/language-power/src/components/icons/icon.js": {"path":"/home/marusya/myProjects/language-power/src/components/icons/icon.js","statementMap":{"0":{"start":{"line":5,"column":13},"end":{"line":12,"column":1}},"1":{"start":{"line":6,"column":14},"end":{"line":6,"column":31}},"2":{"start":{"line":7,"column":2},"end":{"line":11,"column":4}},"3":{"start":{"line":14,"column":0},"end":{"line":19,"column":2}},"4":{"start":{"line":20,"column":0},"end":{"line":25,"column":2}}},"fnMap":{"0":{"name":"(anonymous_0)","decl":{"start":{"line":5,"column":13},"end":{"line":5,"column":14}},"loc":{"start":{"line":5,"column":51},"end":{"line":12,"column":1}},"line":5}},"branchMap":{},"s":{"0":1,"1":3,"2":3,"3":1,"4":1},"f":{"0":3},"b":{},"_coverageSchema":"1a1c01bbd47fc00a2c39e90264f33305004495a9","hash":"7a58d13763e1df006f3374eea5a62b6f63d05371"}
,"/home/marusya/myProjects/language-power/src/components/new-word/new-word.js": {"path":"/home/marusya/myProjects/language-power/src/components/new-word/new-word.js","statementMap":{"0":{"start":{"line":7,"column":23},"end":{"line":44,"column":2}},"1":{"start":{"line":8,"column":23},"end":{"line":8,"column":46}},"2":{"start":{"line":9,"column":26},"end":{"line":9,"column":38}},"3":{"start":{"line":10,"column":24},"end":{"line":10,"column":36}},"4":{"start":{"line":12,"column":22},"end":{"line":15,"column":3}},"5":{"start":{"line":13,"column":4},"end":{"line":13,"column":15}},"6":{"start":{"line":14,"column":4},"end":{"line":14,"column":16}},"7":{"start":{"line":17,"column":23},"end":{"line":21,"column":3}},"8":{"start":{"line":18,"column":4},"end":{"line":18,"column":27}},"9":{"start":{"line":19,"column":4},"end":{"line":19,"column":34}},"10":{"start":{"line":20,"column":4},"end":{"line":20,"column":18}},"11":{"start":{"line":23,"column":2},"end":{"line":43,"column":4}},"12":{"start":{"line":30,"column":27},"end":{"line":30,"column":54}},"13":{"start":{"line":37,"column":27},"end":{"line":37,"column":53}}},"fnMap":{"0":{"name":"(anonymous_0)","decl":{"start":{"line":7,"column":28},"end":{"line":7,"column":29}},"loc":{"start":{"line":7,"column":34},"end":{"line":44,"column":1}},"line":7},"1":{"name":"(anonymous_1)","decl":{"start":{"line":12,"column":22},"end":{"line":12,"column":23}},"loc":{"start":{"line":12,"column":28},"end":{"line":15,"column":3}},"line":12},"2":{"name":"(anonymous_2)","decl":{"start":{"line":17,"column":23},"end":{"line":17,"column":24}},"loc":{"start":{"line":17,"column":32},"end":{"line":21,"column":3}},"line":17},"3":{"name":"(anonymous_3)","decl":{"start":{"line":30,"column":18},"end":{"line":30,"column":19}},"loc":{"start":{"line":30,"column":27},"end":{"line":30,"column":54}},"line":30},"4":{"name":"(anonymous_4)","decl":{"start":{"line":37,"column":18},"end":{"line":37,"column":19}},"loc":{"start":{"line":37,"column":27},"end":{"line":37,"column":53}},"line":37}},"branchMap":{},"s":{"0":0,"1":0,"2":0,"3":0,"4":0,"5":0,"6":0,"7":0,"8":0,"9":0,"10":0,"11":0,"12":0,"13":0},"f":{"0":0,"1":0,"2":0,"3":0,"4":0},"b":{}}
,"/home/marusya/myProjects/language-power/src/components/search-result/mock.js": {"path":"/home/marusya/myProjects/language-power/src/components/search-result/mock.js","statementMap":{"0":{"start":{"line":1,"column":20},"end":{"line":27,"column":1}}},"fnMap":{},"branchMap":{},"s":{"0":1},"f":{},"b":{},"_coverageSchema":"1a1c01bbd47fc00a2c39e90264f33305004495a9","hash":"2fc9f311816c2fec034b69436745c7a140ec6f22"}
,"/home/marusya/myProjects/language-power/src/components/search-result/search-result.js": {"path":"/home/marusya/myProjects/language-power/src/components/search-result/search-result.js","statementMap":{"0":{"start":{"line":11,"column":28},"end":{"line":70,"column":2}},"1":{"start":{"line":12,"column":66},"end":{"line":12,"column":70}},"2":{"start":{"line":13,"column":23},"end":{"line":13,"column":30}},"3":{"start":{"line":15,"column":25},"end":{"line":30,"column":3}},"4":{"start":{"line":16,"column":4},"end":{"line":16,"column":39}},"5":{"start":{"line":16,"column":27},"end":{"line":16,"column":39}},"6":{"start":{"line":17,"column":22},"end":{"line":21,"column":6}},"7":{"start":{"line":18,"column":6},"end":{"line":20,"column":11}},"8":{"start":{"line":22,"column":4},"end":{"line":29,"column":6}},"9":{"start":{"line":31,"column":22},"end":{"line":41,"column":3}},"10":{"start":{"line":32,"column":4},"end":{"line":32,"column":34}},"11":{"start":{"line":32,"column":22},"end":{"line":32,"column":34}},"12":{"start":{"line":33,"column":40},"end":{"line":33,"column":47}},"13":{"start":{"line":34,"column":4},"end":{"line":40,"column":6}},"14":{"start":{"line":42,"column":21},"end":{"line":56,"column":3}},"15":{"start":{"line":43,"column":4},"end":{"line":43,"column":30}},"16":{"start":{"line":43,"column":18},"end":{"line":43,"column":30}},"17":{"start":{"line":44,"column":4},"end":{"line":55,"column":7}},"18":{"start":{"line":45,"column":6},"end":{"line":54,"column":15}},"19":{"start":{"line":58,"column":2},"end":{"line":69,"column":4}},"20":{"start":{"line":72,"column":0},"end":{"line":74,"column":2}}},"fnMap":{"0":{"name":"(anonymous_0)","decl":{"start":{"line":11,"column":33},"end":{"line":11,"column":34}},"loc":{"start":{"line":11,"column":47},"end":{"line":70,"column":1}},"line":11},"1":{"name":"(anonymous_1)","decl":{"start":{"line":15,"column":25},"end":{"line":15,"column":26}},"loc":{"start":{"line":15,"column":31},"end":{"line":30,"column":3}},"line":15},"2":{"name":"(anonymous_2)","decl":{"start":{"line":17,"column":29},"end":{"line":17,"column":30}},"loc":{"start":{"line":18,"column":6},"end":{"line":20,"column":11}},"line":18},"3":{"name":"(anonymous_3)","decl":{"start":{"line":31,"column":22},"end":{"line":31,"column":23}},"loc":{"start":{"line":31,"column":30},"end":{"line":41,"column":3}},"line":31},"4":{"name":"(anonymous_4)","decl":{"start":{"line":42,"column":21},"end":{"line":42,"column":22}},"loc":{"start":{"line":42,"column":32},"end":{"line":56,"column":3}},"line":42},"5":{"name":"(anonymous_5)","decl":{"start":{"line":44,"column":23},"end":{"line":44,"column":24}},"loc":{"start":{"line":44,"column":30},"end":{"line":55,"column":5}},"line":44}},"branchMap":{"0":{"loc":{"start":{"line":16,"column":4},"end":{"line":16,"column":39}},"type":"if","locations":[{"start":{"line":16,"column":4},"end":{"line":16,"column":39}},{"start":{"line":16,"column":4},"end":{"line":16,"column":39}}],"line":16},"1":{"loc":{"start":{"line":16,"column":8},"end":{"line":16,"column":25}},"type":"binary-expr","locations":[{"start":{"line":16,"column":8},"end":{"line":16,"column":11}},{"start":{"line":16,"column":15},"end":{"line":16,"column":25}}],"line":16},"2":{"loc":{"start":{"line":32,"column":4},"end":{"line":32,"column":34}},"type":"if","locations":[{"start":{"line":32,"column":4},"end":{"line":32,"column":34}},{"start":{"line":32,"column":4},"end":{"line":32,"column":34}}],"line":32},"3":{"loc":{"start":{"line":34,"column":11},"end":{"line":40,"column":5}},"type":"cond-expr","locations":[{"start":{"line":35,"column":6},"end":{"line":35,"column":70}},{"start":{"line":37,"column":6},"end":{"line":39,"column":16}}],"line":34},"4":{"loc":{"start":{"line":43,"column":4},"end":{"line":43,"column":30}},"type":"if","locations":[{"start":{"line":43,"column":4},"end":{"line":43,"column":30}},{"start":{"line":43,"column":4},"end":{"line":43,"column":30}}],"line":43},"5":{"loc":{"start":{"line":45,"column":13},"end":{"line":54,"column":14}},"type":"cond-expr","locations":[{"start":{"line":46,"column":8},"end":{"line":53,"column":13}},{"start":{"line":54,"column":10},"end":{"line":54,"column":14}}],"line":45}},"s":{"0":1,"1":1,"2":1,"3":1,"4":1,"5":0,"6":1,"7":4,"8":1,"9":1,"10":1,"11":0,"12":1,"13":1,"14":1,"15":1,"16":0,"17":1,"18":2,"19":1,"20":1},"f":{"0":1,"1":1,"2":4,"3":1,"4":1,"5":2},"b":{"0":[0,1],"1":[1,1],"2":[0,1],"3":[1,0],"4":[0,1],"5":[2,0]},"_coverageSchema":"1a1c01bbd47fc00a2c39e90264f33305004495a9","hash":"997e670d8885cffe995fb4032288fb94d2652b41"}
,"/home/marusya/myProjects/language-power/src/components/show-more/show-more.js": {"path":"/home/marusya/myProjects/language-power/src/components/show-more/show-more.js","statementMap":{"0":{"start":{"line":5,"column":24},"end":{"line":36,"column":1}},"1":{"start":{"line":13,"column":28},"end":{"line":13,"column":43}},"2":{"start":{"line":14,"column":20},"end":{"line":14,"column":60}},"3":{"start":{"line":15,"column":23},"end":{"line":17,"column":3}},"4":{"start":{"line":16,"column":4},"end":{"line":16,"column":21}},"5":{"start":{"line":18,"column":18},"end":{"line":18,"column":55}},"6":{"start":{"line":19,"column":23},"end":{"line":25,"column":3}},"7":{"start":{"line":20,"column":4},"end":{"line":24,"column":13}},"8":{"start":{"line":27,"column":2},"end":{"line":35,"column":4}},"9":{"start":{"line":38,"column":0},"end":{"line":45,"column":2}},"10":{"start":{"line":46,"column":0},"end":{"line":53,"column":2}}},"fnMap":{"0":{"name":"(anonymous_0)","decl":{"start":{"line":5,"column":24},"end":{"line":5,"column":25}},"loc":{"start":{"line":12,"column":6},"end":{"line":36,"column":1}},"line":12},"1":{"name":"(anonymous_1)","decl":{"start":{"line":15,"column":23},"end":{"line":15,"column":24}},"loc":{"start":{"line":15,"column":29},"end":{"line":17,"column":3}},"line":15},"2":{"name":"(anonymous_2)","decl":{"start":{"line":19,"column":23},"end":{"line":19,"column":24}},"loc":{"start":{"line":19,"column":29},"end":{"line":25,"column":3}},"line":19}},"branchMap":{"0":{"loc":{"start":{"line":18,"column":18},"end":{"line":18,"column":55}},"type":"cond-expr","locations":[{"start":{"line":18,"column":27},"end":{"line":18,"column":43}},{"start":{"line":18,"column":46},"end":{"line":18,"column":55}}],"line":18},"1":{"loc":{"start":{"line":20,"column":11},"end":{"line":24,"column":12}},"type":"cond-expr","locations":[{"start":{"line":21,"column":6},"end":{"line":23,"column":15}},{"start":{"line":24,"column":8},"end":{"line":24,"column":12}}],"line":20},"2":{"loc":{"start":{"line":22,"column":9},"end":{"line":22,"column":36}},"type":"cond-expr","locations":[{"start":{"line":22,"column":18},"end":{"line":22,"column":26}},{"start":{"line":22,"column":29},"end":{"line":22,"column":36}}],"line":22}},"s":{"0":1,"1":1,"2":1,"3":1,"4":0,"5":1,"6":1,"7":1,"8":1,"9":1,"10":1},"f":{"0":1,"1":0,"2":1},"b":{"0":[0,1],"1":[0,1],"2":[0,0]},"_coverageSchema":"1a1c01bbd47fc00a2c39e90264f33305004495a9","hash":"e56991602c24a05738a79bd334f87a85b33e1ca6"}
}
