TN:
SF:src/components/audio-button/audio-button.js
FN:6,(anonymous_0)
FN:8,(anonymous_1)
FNF:2
FNH:1
FNDA:1,(anonymous_0)
FNDA:0,(anonymous_1)
DA:6,1
DA:7,1
DA:8,1
DA:9,0
DA:11,1
DA:26,1
DA:32,1
LF:7
LH:6
BRF:0
BRH:0
end_of_record
TN:
SF:src/components/dictionary-entity/constants.js
FNF:0
FNH:0
DA:1,1
DA:2,1
LF:2
LH:2
BRF:0
BRH:0
end_of_record
TN:
SF:src/components/dictionary-entity/dictionary-entity.js
FN:7,(anonymous_0)
FN:8,(anonymous_1)
FN:12,(anonymous_2)
FN:18,(anonymous_3)
FNF:4
FNH:4
FNDA:6,(anonymous_0)
FNDA:4,(anonymous_1)
FNDA:6,(anonymous_2)
FNDA:38,(anonymous_3)
DA:7,1
DA:8,6
DA:9,4
DA:12,6
DA:13,6
DA:14,6
DA:15,6
DA:16,6
DA:17,6
DA:18,6
DA:19,38
DA:20,38
DA:21,4
DA:22,4
DA:23,4
DA:25,38
DA:26,4
DA:27,4
DA:28,4
DA:29,4
DA:30,34
DA:31,0
DA:33,34
DA:36,6
DA:37,6
DA:39,6
DA:42,1
DA:47,1
LF:28
LH:27
BRDA:20,0,0,4
BRDA:20,0,1,34
BRDA:25,1,0,4
BRDA:25,1,1,34
BRDA:30,2,0,0
BRDA:30,2,1,34
BRF:6
BRH:5
end_of_record
TN:
SF:src/components/dictionary-entity/helpers.js
FN:1,(anonymous_0)
FN:2,(anonymous_1)
FN:3,(anonymous_2)
FNF:3
FNH:3
FNDA:38,(anonymous_0)
FNDA:76,(anonymous_1)
FNDA:148,(anonymous_2)
DA:1,38
DA:2,1
DA:3,148
LF:3
LH:3
BRDA:2,0,0,0
BRF:1
BRH:0
end_of_record
TN:
SF:src/components/icons/icon.js
FN:5,(anonymous_0)
FNF:1
FNH:1
FNDA:3,(anonymous_0)
DA:5,1
DA:6,3
DA:7,3
DA:14,1
DA:20,1
LF:5
LH:5
BRF:0
BRH:0
end_of_record
TN:
SF:src/components/new-word/new-word.js
FN:7,(anonymous_0)
FN:12,(anonymous_1)
FN:17,(anonymous_2)
FN:30,(anonymous_3)
FN:37,(anonymous_4)
FNF:5
FNH:0
FNDA:0,(anonymous_0)
FNDA:0,(anonymous_1)
FNDA:0,(anonymous_2)
FNDA:0,(anonymous_3)
FNDA:0,(anonymous_4)
DA:7,0
DA:8,0
DA:9,0
DA:10,0
DA:12,0
DA:13,0
DA:14,0
DA:17,0
DA:18,0
DA:19,0
DA:20,0
DA:23,0
DA:30,0
DA:37,0
LF:14
LH:0
BRF:0
BRH:0
end_of_record
TN:
SF:src/components/search-result/mock.js
FNF:0
FNH:0
DA:1,1
LF:1
LH:1
BRF:0
BRH:0
end_of_record
TN:
SF:src/components/search-result/search-result.js
FN:11,(anonymous_0)
FN:15,(anonymous_1)
FN:17,(anonymous_2)
FN:31,(anonymous_3)
FN:42,(anonymous_4)
FN:44,(anonymous_5)
FNF:6
FNH:6
FNDA:1,(anonymous_0)
FNDA:1,(anonymous_1)
FNDA:4,(anonymous_2)
FNDA:1,(anonymous_3)
FNDA:1,(anonymous_4)
FNDA:2,(anonymous_5)
DA:11,1
DA:12,1
DA:13,1
DA:15,1
DA:16,1
DA:17,1
DA:18,4
DA:22,1
DA:31,1
DA:32,1
DA:33,1
DA:34,1
DA:42,1
DA:43,1
DA:44,1
DA:45,2
DA:58,1
DA:72,1
LF:18
LH:18
BRDA:16,0,0,0
BRDA:16,0,1,1
BRDA:16,1,0,1
BRDA:16,1,1,1
BRDA:32,2,0,0
BRDA:32,2,1,1
BRDA:34,3,0,1
BRDA:34,3,1,0
BRDA:43,4,0,0
BRDA:43,4,1,1
BRDA:45,5,0,2
BRDA:45,5,1,0
BRF:12
BRH:7
end_of_record
TN:
SF:src/components/show-more/show-more.js
FN:5,(anonymous_0)
FN:15,(anonymous_1)
FN:19,(anonymous_2)
FNF:3
FNH:2
FNDA:1,(anonymous_0)
FNDA:0,(anonymous_1)
FNDA:1,(anonymous_2)
DA:5,1
DA:13,1
DA:14,1
DA:15,1
DA:16,0
DA:18,1
DA:19,1
DA:20,1
DA:27,1
DA:38,1
DA:46,1
LF:11
LH:10
BRDA:18,0,0,0
BRDA:18,0,1,1
BRDA:20,1,0,0
BRDA:20,1,1,1
BRDA:22,2,0,0
BRDA:22,2,1,0
BRF:6
BRH:2
end_of_record
